2023-11-23 20:18:14,336 [Worker-4: Loading available Gradle versions] INFO  o.e.b.c.i.u.g.PublishedGradleVersions - Gradle version information cache is up-to-date. Trying to read.
2023-11-23 20:18:17,006 [ForkJoinPool.commonPool-worker-1] INFO  o.s.s.s.o.s.c.s.PostProcessorRegistrationDelegate$BeanPostProcessorChecker - Bean 'sonarLintSpringAppConfig' of type [org.sonarsource.sonarlint.core.spring.SonarLintSpringAppConfig$$EnhancerBySpringCGLIB$$21062607] is not eligible for getting processed by all BeanPostProcessors (for example: not eligible for auto-proxying)
2023-11-23 20:18:17,152 [ForkJoinPool.commonPool-worker-1] INFO  o.s.s.s.o.s.c.s.PostProcessorRegistrationDelegate$BeanPostProcessorChecker - Bean 'provideClientEventBus' of type [com.google.common.eventbus.AsyncEventBus] is not eligible for getting processed by all BeanPostProcessors (for example: not eligible for auto-proxying)
2023-11-23 20:18:19,373 [ForkJoinPool.commonPool-worker-1] INFO  jetbrains.exodus.io.FileDataWriter - Uninterruptible file channel will be used
2023-11-23 20:18:19,374 [ForkJoinPool.commonPool-worker-1] WARN  jetbrains.exodus.io.FileDataWriter - Can't open directory channel. Log directory fsync won't be performed.
2023-11-23 20:18:19,711 [ForkJoinPool.commonPool-worker-1] WARN  o.s.s.s.o.s.c.a.AnnotationConfigApplicationContext - Exception encountered during context initialization - cancelling refresh attempt: org.sonarsource.sonarlint.shaded.org.springframework.beans.factory.UnsatisfiedDependencyException: Error creating bean with name 'org.sonarsource.sonarlint.core.issue.IssueServiceImpl': Unsatisfied dependency expressed through constructor parameter 3; nested exception is org.sonarsource.sonarlint.shaded.org.springframework.beans.factory.BeanCreationException: Error creating bean with name 'provideLocalOnlyIssueStorageService': Invocation of init method failed; nested exception is java.lang.RuntimeException: javax.management.MalformedObjectNameException: Unterminated key property part
2023-11-23 20:20:25,037 [Worker-8: Importing Maven projects] ERROR o.e.m.c.i.p.ProjectConfigurationManager - Project springboot-rest-api already exists
2023-11-23 20:20:26,681 [Worker-8: Importing Maven projects] INFO  o.e.m.c.i.l.LifecycleMappingFactory - Using org.eclipse.m2e.jdt.JarLifecycleMapping lifecycle mapping for MavenProject: com.example:springboot-rest-api:0.0.1-SNAPSHOT @ C:\Users\nhiremat\Downloads\session1,2\springboot-rest-api\session1,2practical\pom.xml.
2023-11-23 20:20:29,207 [Worker-8: Importing Maven projects] INFO  o.e.m.j.i.AbstractJavaProjectConfigurator - Adding source folder /springboot-rest-api/src/main/java
2023-11-23 20:20:29,208 [Worker-8: Importing Maven projects] INFO  o.e.m.j.i.AbstractJavaProjectConfigurator - Adding resource folder /springboot-rest-api/src/main/resources
2023-11-23 20:20:29,219 [Worker-8: Importing Maven projects] INFO  o.e.m.j.i.AbstractJavaProjectConfigurator - Adding resource folder /springboot-rest-api/src/main/resources
2023-11-23 20:20:29,231 [Worker-8: Importing Maven projects] INFO  o.e.m.j.i.AbstractJavaProjectConfigurator - Adding source folder /springboot-rest-api/src/test/java
2023-11-23 20:20:29,861 [Worker-8: Importing Maven projects] INFO  o.e.m.c.i.p.ProjectConfigurationManager - Imported and configured 2 project(s) in 6 sec
2023-11-23 20:20:30,252 [Worker-12: Updating Maven Project] INFO  o.e.m.c.i.p.ProjectConfigurationManager - Update started
2023-11-23 20:20:30,833 [Worker-12: Updating Maven Project] INFO  o.e.m.c.i.l.LifecycleMappingFactory - Using org.eclipse.m2e.jdt.JarLifecycleMapping lifecycle mapping for MavenProject: com.example:springboot-rest-api:0.0.1-SNAPSHOT @ C:\Users\nhiremat\Downloads\session1,2\springboot-rest-api\session1,2practical\pom.xml.
2023-11-23 20:20:31,705 [Worker-12: Updating Maven Project] INFO  o.e.m.j.i.AbstractJavaProjectConfigurator - Adding source folder /springboot-rest-api/src/main/java
2023-11-23 20:20:31,706 [Worker-12: Updating Maven Project] INFO  o.e.m.j.i.AbstractJavaProjectConfigurator - Adding resource folder /springboot-rest-api/src/main/resources
2023-11-23 20:20:31,707 [Worker-12: Updating Maven Project] INFO  o.e.m.j.i.AbstractJavaProjectConfigurator - Adding resource folder /springboot-rest-api/src/main/resources
2023-11-23 20:20:31,708 [Worker-12: Updating Maven Project] INFO  o.e.m.j.i.AbstractJavaProjectConfigurator - Adding source folder /springboot-rest-api/src/test/java
2023-11-23 20:20:33,230 [Worker-12: Updating Maven Project] INFO  o.e.m.c.i.p.ProjectConfigurationManager - Update completed for 1 poms: local refresh takes 0.00 sec, refresh facades takes 1.00 sec, update config takes 0.00 sec 
2023-11-23 20:20:34,203 [Worker-8: Building] INFO  o.a.m.s.f.DefaultMavenResourcesFiltering - Copying 1 resource from src\main\resources to target\classes
2023-11-23 20:20:34,236 [Worker-8: Building] INFO  o.a.m.s.f.DefaultMavenResourcesFiltering - Copying 0 resource from src\main\resources to target\classes
2023-11-23 20:20:34,243 [Worker-8: Building] INFO  o.a.m.s.f.DefaultMavenResourcesFiltering - skip non existing resourceDirectory C:\Users\nhiremat\Downloads\session1,2\springboot-rest-api\session1,2practical\src\test\resources
2023-11-23 20:25:53,623 [Worker-14: Building] INFO  o.a.m.s.f.DefaultMavenResourcesFiltering - Copying 1 resource from src\main\resources to target\classes
2023-11-23 20:25:53,631 [Worker-14: Building] INFO  o.a.m.s.f.DefaultMavenResourcesFiltering - Copying 0 resource from src\main\resources to target\classes
2023-11-23 20:25:53,636 [Worker-14: Building] INFO  o.a.m.s.f.DefaultMavenResourcesFiltering - skip non existing resourceDirectory C:\Users\nhiremat\Downloads\session1,2\springboot-rest-api\session1,2practical\src\test\resources
